mode: set
cve-tracker/internal/worker/alert_buffer.go:20.98,26.26 1 1
cve-tracker/internal/worker/alert_buffer.go:26.26,29.3 2 0
cve-tracker/internal/worker/alert_buffer.go:31.2,34.16 4 1
cve-tracker/internal/worker/alert_buffer.go:34.16,37.3 2 0
cve-tracker/internal/worker/alert_buffer.go:38.2,38.67 1 1
cve-tracker/internal/worker/alert_buffer.go:38.67,41.3 2 0
cve-tracker/internal/worker/alert_buffer.go:43.2,45.9 3 1
cve-tracker/internal/worker/alert_buffer.go:45.9,47.27 2 1
cve-tracker/internal/worker/alert_buffer.go:47.27,49.4 1 1
cve-tracker/internal/worker/alert_buffer.go:50.3,50.57 1 1
cve-tracker/internal/worker/alert_buffer.go:50.57,51.17 1 1
cve-tracker/internal/worker/alert_buffer.go:51.17,55.5 3 1
cve-tracker/internal/worker/alert_buffer.go:56.4,56.11 1 1
cve-tracker/internal/worker/alert_buffer.go:57.29,58.39 1 0
cve-tracker/internal/worker/alert_buffer.go:59.26,60.11 1 1
cve-tracker/internal/worker/alert_buffer.go:64.2,64.13 1 1
cve-tracker/internal/worker/alert_buffer.go:67.57,74.16 6 0
cve-tracker/internal/worker/alert_buffer.go:74.16,77.3 2 0
cve-tracker/internal/worker/alert_buffer.go:78.2,79.16 2 0
cve-tracker/internal/worker/alert_buffer.go:79.16,82.3 2 0
cve-tracker/internal/worker/alert_buffer.go:83.2,83.21 1 0
cve-tracker/internal/worker/alert_buffer.go:83.21,85.3 1 0
cve-tracker/internal/worker/alert_buffer.go:86.2,86.21 1 0
cve-tracker/internal/worker/alert_buffer.go:86.21,92.65 2 0
cve-tracker/internal/worker/alert_buffer.go:92.65,95.4 2 0
cve-tracker/internal/worker/alert_buffer.go:96.3,96.9 1 0
cve-tracker/internal/worker/alert_buffer.go:98.2,107.26 4 0
cve-tracker/internal/worker/alert_buffer.go:107.26,113.58 2 0
cve-tracker/internal/worker/alert_buffer.go:113.58,114.12 1 0
cve-tracker/internal/worker/alert_buffer.go:116.3,118.76 3 0
cve-tracker/internal/worker/alert_buffer.go:118.76,120.4 1 0
cve-tracker/internal/worker/alert_buffer.go:120.9,120.85 1 0
cve-tracker/internal/worker/alert_buffer.go:120.85,122.4 1 0
cve-tracker/internal/worker/alert_buffer.go:123.3,129.5 1 0
cve-tracker/internal/worker/alert_buffer.go:131.2,132.29 2 0
cve-tracker/internal/worker/alert_buffer.go:132.29,134.27 2 0
cve-tracker/internal/worker/alert_buffer.go:134.27,136.4 1 0
cve-tracker/internal/worker/alert_buffer.go:137.3,138.22 2 0
cve-tracker/internal/worker/alert_buffer.go:138.22,140.4 1 0
cve-tracker/internal/worker/alert_buffer.go:140.9,140.28 1 0
cve-tracker/internal/worker/alert_buffer.go:140.28,142.4 1 0
cve-tracker/internal/worker/alert_buffer.go:142.9,142.28 1 0
cve-tracker/internal/worker/alert_buffer.go:142.28,144.4 1 0
cve-tracker/internal/worker/alert_buffer.go:145.3,145.20 1 0
cve-tracker/internal/worker/alert_buffer.go:145.20,146.23 1 0
cve-tracker/internal/worker/alert_buffer.go:146.23,148.5 1 0
cve-tracker/internal/worker/alert_buffer.go:148.10,150.5 1 0
cve-tracker/internal/worker/alert_buffer.go:152.3,162.89 1 0
cve-tracker/internal/worker/alert_buffer.go:164.2,165.19 2 0
cve-tracker/internal/worker/alert_buffer.go:165.19,167.3 1 0
cve-tracker/internal/worker/alert_buffer.go:169.2,186.17 2 0
cve-tracker/internal/worker/alert_buffer.go:186.17,189.3 2 0
cve-tracker/internal/worker/alert_buffer.go:191.2,191.98 1 0
cve-tracker/internal/worker/alert_buffer.go:191.98,193.3 1 0
cve-tracker/internal/worker/alert_worker.go:18.53,20.45 2 1
cve-tracker/internal/worker/alert_worker.go:20.45,22.3 1 1
cve-tracker/internal/worker/alert_worker.go:23.2,25.11 3 1
cve-tracker/internal/worker/alert_worker.go:28.62,29.45 1 0
cve-tracker/internal/worker/alert_worker.go:29.45,31.3 1 0
cve-tracker/internal/worker/alert_worker.go:32.2,33.16 2 0
cve-tracker/internal/worker/alert_worker.go:33.16,35.3 1 0
cve-tracker/internal/worker/alert_worker.go:36.2,36.16 1 0
cve-tracker/internal/worker/alert_worker.go:39.41,40.6 1 1
cve-tracker/internal/worker/alert_worker.go:40.6,42.17 2 1
cve-tracker/internal/worker/alert_worker.go:42.17,43.24 1 1
cve-tracker/internal/worker/alert_worker.go:43.24,45.5 1 1
cve-tracker/internal/worker/alert_worker.go:46.4,48.12 3 0
cve-tracker/internal/worker/alert_worker.go:50.3,51.65 2 1
cve-tracker/internal/worker/alert_worker.go:51.65,53.12 2 0
cve-tracker/internal/worker/alert_worker.go:55.3,55.35 1 1
cve-tracker/internal/worker/alert_worker.go:59.66,68.16 2 1
cve-tracker/internal/worker/alert_worker.go:68.16,71.3 2 1
cve-tracker/internal/worker/alert_worker.go:72.2,75.18 3 1
cve-tracker/internal/worker/alert_worker.go:75.18,78.170 3 1
cve-tracker/internal/worker/alert_worker.go:78.170,80.12 2 0
cve-tracker/internal/worker/alert_worker.go:82.3,82.25 1 1
cve-tracker/internal/worker/alert_worker.go:82.25,83.57 1 1
cve-tracker/internal/worker/alert_worker.go:83.57,85.5 1 1
cve-tracker/internal/worker/alert_worker.go:89.2,97.16 2 1
cve-tracker/internal/worker/alert_worker.go:97.16,100.3 2 0
cve-tracker/internal/worker/alert_worker.go:101.2,102.23 2 1
cve-tracker/internal/worker/alert_worker.go:102.23,105.80 3 1
cve-tracker/internal/worker/alert_worker.go:105.80,106.13 1 0
cve-tracker/internal/worker/alert_worker.go:108.4,108.29 1 1
cve-tracker/internal/worker/alert_worker.go:108.29,109.13 1 0
cve-tracker/internal/worker/alert_worker.go:111.4,111.61 1 1
cve-tracker/internal/worker/alert_worker.go:111.61,113.61 2 1
cve-tracker/internal/worker/alert_worker.go:113.61,115.6 1 1
cve-tracker/internal/worker/alert_worker.go:120.66,121.85 1 1
cve-tracker/internal/worker/alert_worker.go:121.85,123.3 1 0
cve-tracker/internal/worker/alert_worker.go:124.2,124.60 1 1
cve-tracker/internal/worker/alert_worker.go:124.60,126.3 1 0
cve-tracker/internal/worker/alert_worker.go:127.2,127.27 1 1
cve-tracker/internal/worker/alert_worker.go:127.27,129.3 1 0
cve-tracker/internal/worker/alert_worker.go:130.2,130.13 1 1
cve-tracker/internal/worker/alert_worker.go:133.64,135.17 2 0
cve-tracker/internal/worker/alert_worker.go:135.17,137.3 1 0
cve-tracker/internal/worker/alert_worker.go:140.2,141.35 2 0
cve-tracker/internal/worker/alert_worker.go:141.35,142.20 1 0
cve-tracker/internal/worker/alert_worker.go:143.15,144.72 1 0
cve-tracker/internal/worker/alert_worker.go:144.72,146.42 2 0
cve-tracker/internal/worker/alert_worker.go:146.42,148.6 1 0
cve-tracker/internal/worker/alert_worker.go:149.5,149.11 1 0
cve-tracker/internal/worker/alert_worker.go:151.15,152.72 1 0
cve-tracker/internal/worker/alert_worker.go:152.72,153.46 1 0
cve-tracker/internal/worker/alert_worker.go:153.46,155.6 1 0
cve-tracker/internal/worker/alert_worker.go:156.5,156.11 1 0
cve-tracker/internal/worker/alert_worker.go:158.15,159.72 1 0
cve-tracker/internal/worker/alert_worker.go:159.72,161.47 2 0
cve-tracker/internal/worker/alert_worker.go:161.47,163.6 1 0
cve-tracker/internal/worker/alert_worker.go:164.5,164.11 1 0
cve-tracker/internal/worker/alert_worker.go:166.17,167.25 1 0
cve-tracker/internal/worker/alert_worker.go:167.25,170.55 3 0
cve-tracker/internal/worker/alert_worker.go:170.55,172.6 1 0
cve-tracker/internal/worker/alert_worker.go:173.5,173.11 1 0
cve-tracker/internal/worker/alert_worker.go:178.2,178.13 1 0
cve-tracker/internal/worker/alert_worker.go:181.127,183.16 2 1
cve-tracker/internal/worker/alert_worker.go:183.16,186.3 2 0
cve-tracker/internal/worker/alert_worker.go:187.2,187.29 1 1
cve-tracker/internal/worker/alert_worker.go:187.29,189.3 1 0
cve-tracker/internal/worker/alert_worker.go:195.2,195.49 1 1
cve-tracker/internal/worker/alert_worker.go:195.49,200.17 2 0
cve-tracker/internal/worker/alert_worker.go:200.17,203.4 2 0
cve-tracker/internal/worker/alert_worker.go:206.2,207.56 2 1
cve-tracker/internal/worker/cron_worker.go:9.50,18.6 6 1
cve-tracker/internal/worker/cron_worker.go:18.6,19.10 1 1
cve-tracker/internal/worker/cron_worker.go:20.21,22.10 2 1
cve-tracker/internal/worker/cron_worker.go:23.19,26.62 3 0
cve-tracker/internal/worker/cron_worker.go:31.47,36.2 3 1
cve-tracker/internal/worker/email_worker.go:13.52,14.6 1 1
cve-tracker/internal/worker/email_worker.go:14.6,16.17 2 1
cve-tracker/internal/worker/email_worker.go:16.17,17.24 1 1
cve-tracker/internal/worker/email_worker.go:17.24,19.5 1 1
cve-tracker/internal/worker/email_worker.go:20.4,22.12 3 0
cve-tracker/internal/worker/email_worker.go:24.3,25.69 2 0
cve-tracker/internal/worker/email_worker.go:25.69,27.12 2 0
cve-tracker/internal/worker/email_worker.go:29.3,31.33 3 0
cve-tracker/internal/worker/email_worker.go:31.33,33.12 2 0
cve-tracker/internal/worker/email_worker.go:35.3,35.61 1 0
cve-tracker/internal/worker/email_worker.go:35.61,41.4 4 0
cve-tracker/internal/worker/email_worker.go:45.46,46.6 1 1
cve-tracker/internal/worker/email_worker.go:46.6,48.17 2 1
cve-tracker/internal/worker/email_worker.go:48.17,49.24 1 1
cve-tracker/internal/worker/email_worker.go:49.24,51.5 1 1
cve-tracker/internal/worker/email_worker.go:52.4,52.12 1 0
cve-tracker/internal/worker/email_worker.go:54.3,55.69 2 0
cve-tracker/internal/worker/email_worker.go:55.69,57.12 2 0
cve-tracker/internal/worker/email_worker.go:59.3,62.33 4 0
cve-tracker/internal/worker/email_worker.go:62.33,64.12 2 0
cve-tracker/internal/worker/email_worker.go:66.3,66.78 1 0
cve-tracker/internal/worker/email_worker.go:66.78,68.4 1 0
cve-tracker/internal/worker/email_worker.go:72.72,75.19 3 0
cve-tracker/internal/worker/email_worker.go:75.19,75.56 1 0
cve-tracker/internal/worker/email_worker.go:76.2,77.58 2 0
cve-tracker/internal/worker/email_worker.go:80.55,83.19 3 0
cve-tracker/internal/worker/email_worker.go:83.19,83.56 1 0
cve-tracker/internal/worker/email_worker.go:84.2,85.58 2 0
cve-tracker/internal/worker/email_worker.go:88.53,90.2 1 0
cve-tracker/internal/worker/helpers.go:16.50,17.40 1 1
cve-tracker/internal/worker/helpers.go:17.40,19.3 1 1
cve-tracker/internal/worker/helpers.go:21.2,22.16 2 1
cve-tracker/internal/worker/helpers.go:22.16,24.3 1 1
cve-tracker/internal/worker/helpers.go:25.2,25.26 1 1
cve-tracker/internal/worker/helpers.go:29.38,30.39 1 1
cve-tracker/internal/worker/helpers.go:30.39,31.29 1 1
cve-tracker/internal/worker/helpers.go:31.29,33.4 1 1
cve-tracker/internal/worker/helpers.go:34.3,34.11 1 1
cve-tracker/internal/worker/helpers.go:39.39,41.20 2 1
cve-tracker/internal/worker/helpers.go:41.20,43.3 1 1
cve-tracker/internal/worker/helpers.go:44.2,44.12 1 1
cve-tracker/internal/worker/helpers.go:44.12,46.3 1 1
cve-tracker/internal/worker/helpers.go:47.2,47.26 1 1
cve-tracker/internal/worker/helpers.go:51.33,53.16 2 1
cve-tracker/internal/worker/helpers.go:53.16,55.3 1 1
cve-tracker/internal/worker/helpers.go:56.2,60.24 5 1
cve-tracker/internal/worker/helpers.go:64.98,65.18 1 1
cve-tracker/internal/worker/helpers.go:65.18,67.3 1 1
cve-tracker/internal/worker/helpers.go:69.2,70.16 2 1
cve-tracker/internal/worker/helpers.go:70.16,72.3 1 1
cve-tracker/internal/worker/helpers.go:74.2,75.23 2 0
cve-tracker/internal/worker/helpers.go:75.23,77.17 2 0
cve-tracker/internal/worker/helpers.go:77.17,79.4 1 0
cve-tracker/internal/worker/helpers.go:80.3,80.32 1 0
cve-tracker/internal/worker/helpers.go:82.2,85.16 3 0
cve-tracker/internal/worker/helpers.go:85.16,87.3 1 0
cve-tracker/internal/worker/helpers.go:88.2,88.15 1 0
cve-tracker/internal/worker/helpers.go:88.15,88.35 1 0
cve-tracker/internal/worker/helpers.go:90.2,90.75 1 0
cve-tracker/internal/worker/helpers.go:90.75,92.3 1 0
cve-tracker/internal/worker/helpers.go:95.2,96.16 2 0
cve-tracker/internal/worker/helpers.go:96.16,98.3 1 0
cve-tracker/internal/worker/helpers.go:99.2,99.15 1 0
cve-tracker/internal/worker/helpers.go:99.15,99.36 1 0
cve-tracker/internal/worker/helpers.go:101.2,102.47 2 0
cve-tracker/internal/worker/helpers.go:102.47,106.49 2 0
cve-tracker/internal/worker/helpers.go:106.49,108.4 1 0
cve-tracker/internal/worker/helpers.go:109.3,109.16 1 0
cve-tracker/internal/worker/helpers.go:112.2,112.34 1 0
cve-tracker/internal/worker/helpers.go:112.34,113.14 1 0
cve-tracker/internal/worker/helpers.go:113.14,115.4 1 0
cve-tracker/internal/worker/helpers.go:116.3,117.43 2 0
cve-tracker/internal/worker/helpers.go:117.43,119.4 1 0
cve-tracker/internal/worker/helpers.go:123.2,123.47 1 0
cve-tracker/internal/worker/helpers.go:123.47,125.3 1 0
cve-tracker/internal/worker/helpers.go:126.2,126.31 1 0
cve-tracker/internal/worker/helpers.go:126.31,127.43 1 0
cve-tracker/internal/worker/helpers.go:127.43,129.4 1 0
cve-tracker/internal/worker/helpers.go:132.2,133.16 2 0
cve-tracker/internal/worker/helpers.go:133.16,135.3 1 0
cve-tracker/internal/worker/helpers.go:136.2,137.16 2 0
cve-tracker/internal/worker/helpers.go:137.16,139.3 1 0
cve-tracker/internal/worker/helpers.go:140.2,141.16 2 0
cve-tracker/internal/worker/helpers.go:141.16,143.3 1 0
cve-tracker/internal/worker/helpers.go:145.2,145.12 1 0
cve-tracker/internal/worker/helpers.go:148.61,156.33 3 1
cve-tracker/internal/worker/helpers.go:156.33,158.31 2 1
cve-tracker/internal/worker/helpers.go:158.31,159.35 1 1
cve-tracker/internal/worker/helpers.go:159.35,161.10 2 1
cve-tracker/internal/worker/helpers.go:165.2,165.19 1 1
cve-tracker/internal/worker/interfaces.go:22.74,28.30 6 1
cve-tracker/internal/worker/interfaces.go:28.30,30.3 1 1
cve-tracker/internal/worker/interfaces.go:33.2,35.16 3 1
cve-tracker/internal/worker/interfaces.go:35.16,37.3 1 1
cve-tracker/internal/worker/interfaces.go:38.2,39.16 2 0
cve-tracker/internal/worker/interfaces.go:39.16,41.3 1 0
cve-tracker/internal/worker/interfaces.go:43.2,44.91 2 0
cve-tracker/internal/worker/notifier.go:22.92,26.47 4 1
cve-tracker/internal/worker/notifier.go:26.47,28.13 2 1
cve-tracker/internal/worker/notifier.go:28.13,34.81 4 1
cve-tracker/internal/worker/notifier.go:34.81,37.5 2 0
cve-tracker/internal/worker/notifier.go:40.4,43.18 4 1
cve-tracker/internal/worker/notifier.go:43.18,46.5 2 0
cve-tracker/internal/worker/notifier.go:48.4,50.31 3 1
cve-tracker/internal/worker/notifier.go:50.31,51.55 1 1
cve-tracker/internal/worker/notifier.go:51.55,52.131 1 1
cve-tracker/internal/worker/notifier.go:52.131,54.12 2 1
cve-tracker/internal/worker/notifier.go:56.6,56.23 1 0
cve-tracker/internal/worker/notifier.go:56.23,58.7 1 0
cve-tracker/internal/worker/notifier.go:62.4,62.32 1 1
cve-tracker/internal/worker/notifier.go:62.32,65.5 2 1
cve-tracker/internal/worker/notifier.go:67.4,73.57 2 0
cve-tracker/internal/worker/notifier.go:73.57,75.5 1 0
cve-tracker/internal/worker/notifier.go:76.4,77.18 2 0
cve-tracker/internal/worker/notifier.go:77.18,80.5 2 0
cve-tracker/internal/worker/notifier.go:82.4,83.18 2 0
cve-tracker/internal/worker/notifier.go:83.18,86.5 2 0
cve-tracker/internal/worker/notifier.go:87.4,90.18 3 0
cve-tracker/internal/worker/notifier.go:90.18,92.56 2 0
cve-tracker/internal/worker/notifier.go:92.56,94.6 1 0
cve-tracker/internal/worker/notifier.go:98.2,98.21 1 1
cve-tracker/internal/worker/notifier.go:98.21,100.13 2 0
cve-tracker/internal/worker/notifier.go:100.13,104.28 4 0
cve-tracker/internal/worker/notifier.go:104.28,107.5 2 0
cve-tracker/internal/worker/notifier.go:107.10,107.35 1 0
cve-tracker/internal/worker/notifier.go:107.35,110.5 2 0
cve-tracker/internal/worker/notifier.go:110.10,110.35 1 0
cve-tracker/internal/worker/notifier.go:110.35,113.5 2 0
cve-tracker/internal/worker/notifier.go:114.4,115.19 2 0
cve-tracker/internal/worker/notifier.go:115.19,117.5 1 0
cve-tracker/internal/worker/notifier.go:118.4,120.27 3 0
cve-tracker/internal/worker/notifier.go:120.27,122.36 2 0
cve-tracker/internal/worker/notifier.go:122.36,124.67 2 0
cve-tracker/internal/worker/notifier.go:124.67,125.15 1 0
cve-tracker/internal/worker/notifier.go:127.6,128.107 2 0
cve-tracker/internal/worker/notifier.go:130.5,130.34 1 0
cve-tracker/internal/worker/notifier.go:132.4,133.25 2 0
cve-tracker/internal/worker/notifier.go:133.25,135.5 1 0
cve-tracker/internal/worker/notifier.go:137.4,138.18 2 0
cve-tracker/internal/worker/notifier.go:138.18,141.5 2 0
cve-tracker/internal/worker/notifier.go:142.4,143.18 2 0
cve-tracker/internal/worker/notifier.go:143.18,146.5 2 0
cve-tracker/internal/worker/notifier.go:147.4,147.128 1 0
cve-tracker/internal/worker/notifier.go:147.128,150.5 2 0
cve-tracker/internal/worker/notifier.go:152.4,153.21 2 0
cve-tracker/internal/worker/notifier.go:153.21,153.58 1 0
cve-tracker/internal/worker/notifier.go:154.4,154.95 1 0
cve-tracker/internal/worker/notifier.go:154.95,158.5 2 0
cve-tracker/internal/worker/notifier.go:160.4,184.97 3 0
cve-tracker/internal/worker/notifier.go:184.97,186.5 1 0
cve-tracker/internal/worker/notifier.go:189.2,192.35 4 1
cve-tracker/internal/worker/notifier.go:192.35,193.14 1 0
cve-tracker/internal/worker/notifier.go:193.14,195.4 1 0
cve-tracker/internal/worker/notifier.go:197.2,197.19 1 1
cve-tracker/internal/worker/notifier.go:200.39,202.21 2 1
cve-tracker/internal/worker/notifier.go:202.21,204.3 1 0
cve-tracker/internal/worker/notifier.go:205.2,205.24 1 1
cve-tracker/internal/worker/notifier.go:205.24,207.3 1 0
cve-tracker/internal/worker/notifier.go:208.2,208.42 1 1
cve-tracker/internal/worker/osint.go:13.80,21.16 6 1
cve-tracker/internal/worker/osint.go:21.16,23.3 1 0
cve-tracker/internal/worker/osint.go:23.8,23.52 1 1
cve-tracker/internal/worker/osint.go:23.52,24.16 1 1
cve-tracker/internal/worker/osint.go:24.16,24.41 1 1
cve-tracker/internal/worker/osint.go:25.3,25.39 1 1
cve-tracker/internal/worker/osint.go:25.39,33.69 2 1
cve-tracker/internal/worker/osint.go:33.69,35.37 2 1
cve-tracker/internal/worker/osint.go:35.37,38.6 2 0
cve-tracker/internal/worker/osint.go:39.5,39.23 1 1
cve-tracker/internal/worker/osint.go:40.10,42.5 1 0
cve-tracker/internal/worker/osint.go:43.9,45.4 1 0
cve-tracker/internal/worker/osint.go:49.2,51.16 3 1
cve-tracker/internal/worker/osint.go:51.16,53.3 1 0
cve-tracker/internal/worker/osint.go:53.8,55.46 2 1
cve-tracker/internal/worker/osint.go:55.46,56.17 1 1
cve-tracker/internal/worker/osint.go:56.17,56.42 1 1
cve-tracker/internal/worker/osint.go:57.4,57.40 1 1
cve-tracker/internal/worker/osint.go:57.40,68.69 2 0
cve-tracker/internal/worker/osint.go:68.69,70.48 2 0
cve-tracker/internal/worker/osint.go:70.48,73.7 2 0
cve-tracker/internal/worker/osint.go:74.6,74.28 1 0
cve-tracker/internal/worker/osint.go:75.11,77.6 1 0
cve-tracker/internal/worker/osint.go:78.10,78.53 1 1
cve-tracker/internal/worker/osint.go:78.53,80.5 1 1
cve-tracker/internal/worker/osint.go:84.2,84.13 1 1
cve-tracker/internal/worker/sync_cisa.go:20.52,24.6 4 1
cve-tracker/internal/worker/sync_cisa.go:24.6,25.10 1 1
cve-tracker/internal/worker/sync_cisa.go:26.21,27.10 1 1
cve-tracker/internal/worker/sync_cisa.go:28.19,29.25 1 0
cve-tracker/internal/worker/sync_cisa.go:34.44,38.16 4 1
cve-tracker/internal/worker/sync_cisa.go:38.16,41.3 2 0
cve-tracker/internal/worker/sync_cisa.go:42.2,43.16 2 1
cve-tracker/internal/worker/sync_cisa.go:43.16,46.3 2 1
cve-tracker/internal/worker/sync_cisa.go:47.2,47.15 1 1
cve-tracker/internal/worker/sync_cisa.go:47.15,47.40 1 1
cve-tracker/internal/worker/sync_cisa.go:49.2,49.38 1 1
cve-tracker/internal/worker/sync_cisa.go:49.38,52.3 2 1
cve-tracker/internal/worker/sync_cisa.go:54.2,55.68 2 1
cve-tracker/internal/worker/sync_cisa.go:55.68,58.3 2 1
cve-tracker/internal/worker/sync_cisa.go:60.2,64.16 4 1
cve-tracker/internal/worker/sync_cisa.go:64.16,67.3 2 0
cve-tracker/internal/worker/sync_cisa.go:68.2,68.15 1 1
cve-tracker/internal/worker/sync_cisa.go:68.15,68.39 1 1
cve-tracker/internal/worker/sync_cisa.go:71.2,71.98 1 1
cve-tracker/internal/worker/sync_cisa.go:71.98,74.3 2 0
cve-tracker/internal/worker/sync_cisa.go:76.2,77.40 2 1
cve-tracker/internal/worker/sync_cisa.go:77.40,79.18 2 1
cve-tracker/internal/worker/sync_cisa.go:79.18,81.4 1 1
cve-tracker/internal/worker/sync_cisa.go:82.3,83.52 2 1
cve-tracker/internal/worker/sync_cisa.go:83.52,85.4 1 1
cve-tracker/internal/worker/sync_cisa.go:86.3,87.17 2 1
cve-tracker/internal/worker/sync_cisa.go:87.17,90.4 2 0
cve-tracker/internal/worker/sync_cisa.go:92.2,92.39 1 1
cve-tracker/internal/worker/sync_cisa.go:92.39,95.3 2 0
cve-tracker/internal/worker/sync_cisa.go:96.2,96.57 1 1
cve-tracker/internal/worker/sync_epss.go:13.48,17.6 4 1
cve-tracker/internal/worker/sync_epss.go:17.6,18.10 1 1
cve-tracker/internal/worker/sync_epss.go:19.21,20.10 1 1
cve-tracker/internal/worker/sync_epss.go:21.19,22.17 1 0
cve-tracker/internal/worker/sync_epss.go:29.36,32.16 3 1
cve-tracker/internal/worker/sync_epss.go:32.16,35.3 2 1
cve-tracker/internal/worker/sync_epss.go:37.2,38.18 2 1
cve-tracker/internal/worker/sync_epss.go:38.18,40.43 2 1
cve-tracker/internal/worker/sync_epss.go:40.43,42.12 2 0
cve-tracker/internal/worker/sync_epss.go:44.3,44.33 1 1
cve-tracker/internal/worker/sync_epss.go:46.2,46.35 1 1
cve-tracker/internal/worker/sync_epss.go:46.35,48.3 1 0
cve-tracker/internal/worker/sync_epss.go:49.2,53.31 4 1
cve-tracker/internal/worker/sync_epss.go:53.31,54.10 1 1
cve-tracker/internal/worker/sync_epss.go:55.21,56.10 1 0
cve-tracker/internal/worker/sync_epss.go:57.11,57.11 0 1
cve-tracker/internal/worker/sync_epss.go:60.3,62.17 3 1
cve-tracker/internal/worker/sync_epss.go:62.17,64.12 2 0
cve-tracker/internal/worker/sync_epss.go:66.3,67.17 2 1
cve-tracker/internal/worker/sync_epss.go:67.17,69.12 2 0
cve-tracker/internal/worker/sync_epss.go:71.3,71.39 1 1
cve-tracker/internal/worker/sync_epss.go:71.39,74.53 3 1
cve-tracker/internal/worker/sync_epss.go:74.53,76.5 1 0
cve-tracker/internal/worker/sync_epss.go:77.4,77.12 1 1
cve-tracker/internal/worker/sync_epss.go:79.3,86.17 4 0
cve-tracker/internal/worker/sync_epss.go:86.17,88.12 2 0
cve-tracker/internal/worker/sync_epss.go:90.3,90.29 1 0
cve-tracker/internal/worker/sync_epss.go:90.29,92.77 2 0
cve-tracker/internal/worker/sync_epss.go:92.77,94.13 2 0
cve-tracker/internal/worker/sync_epss.go:96.4,97.18 2 0
cve-tracker/internal/worker/sync_epss.go:97.18,99.5 1 0
cve-tracker/internal/worker/sync_epss.go:101.3,101.10 1 0
cve-tracker/internal/worker/sync_epss.go:102.21,103.10 1 0
cve-tracker/internal/worker/sync_epss.go:104.45,104.45 0 0
cve-tracker/internal/worker/sync_epss.go:107.2,107.99 1 1
cve-tracker/internal/worker/sync_github.go:13.54,17.6 4 1
cve-tracker/internal/worker/sync_github.go:17.6,18.10 1 1
cve-tracker/internal/worker/sync_github.go:19.21,20.10 1 1
cve-tracker/internal/worker/sync_github.go:21.19,22.23 1 0
cve-tracker/internal/worker/sync_github.go:27.42,30.16 3 1
cve-tracker/internal/worker/sync_github.go:30.16,33.3 2 1
cve-tracker/internal/worker/sync_github.go:35.2,36.18 2 0
cve-tracker/internal/worker/sync_github.go:36.18,38.43 2 0
cve-tracker/internal/worker/sync_github.go:38.43,40.12 2 0
cve-tracker/internal/worker/sync_github.go:42.3,42.33 1 0
cve-tracker/internal/worker/sync_github.go:44.2,44.35 1 0
cve-tracker/internal/worker/sync_github.go:44.35,46.3 1 0
cve-tracker/internal/worker/sync_github.go:47.2,51.31 4 0
cve-tracker/internal/worker/sync_github.go:51.31,54.10 1 0
cve-tracker/internal/worker/sync_github.go:55.21,56.10 1 0
cve-tracker/internal/worker/sync_github.go:57.11,57.11 0 0
cve-tracker/internal/worker/sync_github.go:60.3,62.17 3 0
cve-tracker/internal/worker/sync_github.go:62.17,64.12 2 0
cve-tracker/internal/worker/sync_github.go:66.3,69.17 4 0
cve-tracker/internal/worker/sync_github.go:69.17,71.12 2 0
cve-tracker/internal/worker/sync_github.go:73.3,73.95 1 0
cve-tracker/internal/worker/sync_github.go:73.95,76.9 3 0
cve-tracker/internal/worker/sync_github.go:78.3,78.39 1 0
cve-tracker/internal/worker/sync_github.go:78.39,81.12 3 0
cve-tracker/internal/worker/sync_github.go:83.3,88.17 4 0
cve-tracker/internal/worker/sync_github.go:88.17,90.12 2 0
cve-tracker/internal/worker/sync_github.go:92.3,93.17 2 0
cve-tracker/internal/worker/sync_github.go:93.17,95.4 1 0
cve-tracker/internal/worker/sync_github.go:96.3,96.10 1 0
cve-tracker/internal/worker/sync_github.go:97.21,98.10 1 0
cve-tracker/internal/worker/sync_github.go:99.38,99.38 0 0
cve-tracker/internal/worker/sync_github.go:102.2,102.107 1 0
cve-tracker/internal/worker/sync_nvd.go:67.49,71.6 4 1
cve-tracker/internal/worker/sync_nvd.go:71.6,72.10 1 1
cve-tracker/internal/worker/sync_nvd.go:73.21,74.10 1 1
cve-tracker/internal/worker/sync_nvd.go:75.19,76.21 1 0
cve-tracker/internal/worker/sync_nvd.go:81.40,83.23 2 1
cve-tracker/internal/worker/sync_nvd.go:83.23,86.3 2 1
cve-tracker/internal/worker/sync_nvd.go:86.8,89.3 2 0
cve-tracker/internal/worker/sync_nvd.go:92.56,94.54 2 1
cve-tracker/internal/worker/sync_nvd.go:94.54,96.74 2 0
cve-tracker/internal/worker/sync_nvd.go:96.74,98.4 1 0
cve-tracker/internal/worker/sync_nvd.go:101.2,110.6 9 1
cve-tracker/internal/worker/sync_nvd.go:110.6,111.10 1 1
cve-tracker/internal/worker/sync_nvd.go:112.21,113.10 1 1
cve-tracker/internal/worker/sync_nvd.go:114.11,114.11 0 1
cve-tracker/internal/worker/sync_nvd.go:117.3,118.40 2 1
cve-tracker/internal/worker/sync_nvd.go:118.40,122.4 3 0
cve-tracker/internal/worker/sync_nvd.go:126.3,127.17 2 1
cve-tracker/internal/worker/sync_nvd.go:127.17,131.4 2 0
cve-tracker/internal/worker/sync_nvd.go:132.3,132.55 1 1
cve-tracker/internal/worker/sync_nvd.go:132.55,134.4 1 1
cve-tracker/internal/worker/sync_nvd.go:136.3,140.47 5 1
cve-tracker/internal/worker/sync_nvd.go:140.47,143.23 2 1
cve-tracker/internal/worker/sync_nvd.go:143.23,144.41 1 1
cve-tracker/internal/worker/sync_nvd.go:144.41,145.11 1 1
cve-tracker/internal/worker/sync_nvd.go:147.5,147.56 1 1
cve-tracker/internal/worker/sync_nvd.go:147.56,152.14 4 1
cve-tracker/internal/worker/sync_nvd.go:154.5,154.10 1 1
cve-tracker/internal/worker/sync_nvd.go:157.4,158.46 2 1
cve-tracker/internal/worker/sync_nvd.go:161.3,161.22 1 1
cve-tracker/internal/worker/sync_nvd.go:161.22,165.4 2 1
cve-tracker/internal/worker/sync_nvd.go:167.3,167.95 1 1
cve-tracker/internal/worker/sync_nvd.go:167.95,170.47 3 0
cve-tracker/internal/worker/sync_nvd.go:170.47,173.5 2 0
cve-tracker/internal/worker/sync_nvd.go:175.4,177.12 3 0
cve-tracker/internal/worker/sync_nvd.go:179.3,181.39 2 1
cve-tracker/internal/worker/sync_nvd.go:181.39,186.4 3 1
cve-tracker/internal/worker/sync_nvd.go:188.3,189.69 2 1
cve-tracker/internal/worker/sync_nvd.go:189.69,193.4 3 0
cve-tracker/internal/worker/sync_nvd.go:194.3,196.23 2 1
cve-tracker/internal/worker/sync_nvd.go:196.23,198.18 2 1
cve-tracker/internal/worker/sync_nvd.go:198.18,200.5 1 1
cve-tracker/internal/worker/sync_nvd.go:200.10,202.5 1 0
cve-tracker/internal/worker/sync_nvd.go:205.3,208.23 4 1
cve-tracker/internal/worker/sync_nvd.go:208.23,210.4 1 1
cve-tracker/internal/worker/sync_nvd.go:211.3,213.70 2 1
cve-tracker/internal/worker/sync_nvd.go:213.70,214.9 1 1
cve-tracker/internal/worker/sync_nvd.go:216.3,216.20 1 0
cve-tracker/internal/worker/sync_nvd.go:219.2,220.43 2 1
cve-tracker/internal/worker/sync_nvd.go:223.114,224.36 1 1
cve-tracker/internal/worker/sync_nvd.go:224.36,227.42 3 1
cve-tracker/internal/worker/sync_nvd.go:227.42,228.22 1 1
cve-tracker/internal/worker/sync_nvd.go:228.22,230.10 2 1
cve-tracker/internal/worker/sync_nvd.go:233.3,235.45 3 1
cve-tracker/internal/worker/sync_nvd.go:235.45,238.4 2 1
cve-tracker/internal/worker/sync_nvd.go:238.9,238.52 1 1
cve-tracker/internal/worker/sync_nvd.go:238.52,241.4 2 0
cve-tracker/internal/worker/sync_nvd.go:241.9,241.51 1 1
cve-tracker/internal/worker/sync_nvd.go:241.51,244.4 2 0
cve-tracker/internal/worker/sync_nvd.go:245.3,246.40 2 1
cve-tracker/internal/worker/sync_nvd.go:246.40,248.4 1 1
cve-tracker/internal/worker/sync_nvd.go:249.3,250.18 2 1
cve-tracker/internal/worker/sync_nvd.go:250.18,252.12 2 0
cve-tracker/internal/worker/sync_nvd.go:254.3,255.18 2 1
cve-tracker/internal/worker/sync_nvd.go:255.18,257.12 2 0
cve-tracker/internal/worker/sync_nvd.go:259.3,260.40 2 1
cve-tracker/internal/worker/sync_nvd.go:260.40,261.36 1 1
cve-tracker/internal/worker/sync_nvd.go:261.36,262.61 1 1
cve-tracker/internal/worker/sync_nvd.go:262.61,264.11 2 1
cve-tracker/internal/worker/sync_nvd.go:267.4,267.17 1 1
cve-tracker/internal/worker/sync_nvd.go:267.17,268.10 1 1
cve-tracker/internal/worker/sync_nvd.go:271.3,298.17 5 1
cve-tracker/internal/worker/sync_nvd.go:298.17,299.20 1 1
cve-tracker/internal/worker/sync_nvd.go:299.20,301.5 1 1
cve-tracker/internal/worker/sync_nvd.go:301.10,303.5 1 1
cve-tracker/internal/worker/sync_nvd.go:304.9,307.4 2 0
cve-tracker/internal/worker/sync_nvd.go:308.3,308.27 1 1
cve-tracker/internal/worker/sync_nvd.go:308.27,311.18 3 0
cve-tracker/internal/worker/sync_nvd.go:311.18,313.13 2 0
cve-tracker/internal/worker/sync_nvd.go:315.4,315.88 1 0
cve-tracker/internal/worker/sync_nvd.go:315.88,317.5 1 0
cve-tracker/internal/worker/sync_nvd.go:320.2,320.26 1 1
cve-tracker/internal/worker/sync_nvd.go:323.53,326.16 3 1
cve-tracker/internal/worker/sync_nvd.go:326.16,328.3 1 1
cve-tracker/internal/worker/sync_nvd.go:329.2,330.16 2 0
cve-tracker/internal/worker/sync_nvd.go:330.16,332.3 1 0
cve-tracker/internal/worker/sync_nvd.go:333.2,333.10 1 0
cve-tracker/internal/worker/sync_nvd.go:336.56,343.16 3 1
cve-tracker/internal/worker/sync_nvd.go:343.16,345.3 1 0
cve-tracker/internal/worker/sync_nvd.go:348.38,353.2 4 1
cve-tracker/internal/worker/sync_nvd.go:355.34,356.36 1 1
cve-tracker/internal/worker/sync_nvd.go:356.36,358.3 1 1
cve-tracker/internal/worker/sync_nvd.go:359.2,359.32 1 1
cve-tracker/internal/worker/worker.go:8.39,26.2 12 1
